<?xml version="1.0" encoding="UTF-8"?>
<robot generator="Robot 6.1 (Python 3.11.4 on linux)" generated="20230621 16:54:03.295" rpa="false" schemaversion="4">
<suite id="s1" name="Robot Basics" source="/home/runner/work/BlackShift-Termi/BlackShift-Termi/robot_automation/robot_basics">
<suite id="s1-s1" name="Tc Forgot Password" source="/home/runner/work/BlackShift-Termi/BlackShift-Termi/robot_automation/robot_basics/tc_forgot_password.robot">
<kw name="Open my Browser and go to forgot password page" library="Main" type="SETUP">
<kw name="Open Browser" library="SeleniumLibrary">
<arg>https://p7024.y2022.kinneret.cc/forgotpassword</arg>
<arg>${BROWSER}</arg>
<doc>Opens a new browser instance to the optional ``url``.</doc>
<msg timestamp="20230621 16:54:03.688" level="INFO">Opening browser 'Firefox' to base url 'https://p7024.y2022.kinneret.cc/forgotpassword'.</msg>
<status status="PASS" starttime="20230621 16:54:03.688" endtime="20230621 16:54:11.192"/>
</kw>
<kw name="Maximize Browser Window" library="SeleniumLibrary">
<doc>Maximizes current browser window.</doc>
<status status="PASS" starttime="20230621 16:54:11.192" endtime="20230621 16:54:11.207"/>
</kw>
<status status="PASS" starttime="20230621 16:54:03.687" endtime="20230621 16:54:11.208"/>
</kw>
<test id="s1-s1-t1" name="1. Test forgot password - empty mail" line="9">
<kw name="Test forgot password">
<arg>${EMPTY}</arg>
<arg>Not valid email</arg>
<kw name="Input email forgot password" library="Main">
<arg>${username}</arg>
<kw name="Wait Until Element Is Visible" library="SeleniumLibrary">
<arg>//*[@id="user_email"]</arg>
<doc>Waits until the element ``locator`` is visible.</doc>
<status status="PASS" starttime="20230621 16:54:11.210" endtime="20230621 16:54:12.881"/>
</kw>
<kw name="Input Text" library="SeleniumLibrary">
<arg>//*[@id="user_email"]</arg>
<arg>${username}</arg>
<doc>Types the given ``text`` into the text field identified by ``locator``.</doc>
<msg timestamp="20230621 16:54:12.882" level="INFO">Typing text '' into text field '//*[@id="user_email"]'.</msg>
<status status="PASS" starttime="20230621 16:54:12.881" endtime="20230621 16:54:12.927"/>
</kw>
<status status="PASS" starttime="20230621 16:54:11.210" endtime="20230621 16:54:12.927"/>
</kw>
<kw name="Click rest password button" library="Main">
<kw name="Wait Until Element Is Visible" library="SeleniumLibrary">
<arg>xpath://*[@id="id_rest_password_button"]</arg>
<doc>Waits until the element ``locator`` is visible.</doc>
<status status="PASS" starttime="20230621 16:54:12.928" endtime="20230621 16:54:12.948"/>
</kw>
<kw name="Click Element" library="SeleniumLibrary">
<arg>xpath://*[@id="id_rest_password_button"]</arg>
<doc>Click the element identified by ``locator``.</doc>
<msg timestamp="20230621 16:54:12.948" level="INFO">Clicking element 'xpath://*[@id="id_rest_password_button"]'.</msg>
<status status="PASS" starttime="20230621 16:54:12.948" endtime="20230621 16:54:13.188"/>
</kw>
<status status="PASS" starttime="20230621 16:54:12.927" endtime="20230621 16:54:13.188"/>
</kw>
<kw name="Run Keyword If" library="BuiltIn">
<arg>'${expected}' == 'Not valid email'</arg>
<arg>check if we got error message invalid mail</arg>
<doc>Runs the given keyword with the given arguments, if ``condition`` is true.</doc>
<kw name="check if we got error message invalid mail" library="Main">
<kw name="Wait Until Element Is Visible" library="SeleniumLibrary">
<arg>xpath://*[@id="id_error_message_rest_password_validEmail"]</arg>
<doc>Waits until the element ``locator`` is visible.</doc>
<status status="PASS" starttime="20230621 16:54:13.189" endtime="20230621 16:54:13.208"/>
</kw>
<kw name="Page Should Contain Element" library="SeleniumLibrary">
<arg>xpath://*[@id="id_error_message_rest_password_validEmail"]</arg>
<doc>Verifies that element ``locator`` is found on the current page.</doc>
<msg timestamp="20230621 16:54:13.211" level="INFO">Current page contains element 'xpath://*[@id="id_error_message_rest_password_validEmail"]'.</msg>
<status status="PASS" starttime="20230621 16:54:13.208" endtime="20230621 16:54:13.212"/>
</kw>
<status status="PASS" starttime="20230621 16:54:13.188" endtime="20230621 16:54:13.212"/>
</kw>
<status status="PASS" starttime="20230621 16:54:13.188" endtime="20230621 16:54:13.212"/>
</kw>
<kw name="Run Keyword If" library="BuiltIn">
<arg>'${expected}' == 'your mail not in our database'</arg>
<arg>check if we got error message mail not exist</arg>
<doc>Runs the given keyword with the given arguments, if ``condition`` is true.</doc>
<status status="PASS" starttime="20230621 16:54:13.212" endtime="20230621 16:54:13.212"/>
</kw>
<status status="PASS" starttime="20230621 16:54:11.209" endtime="20230621 16:54:13.212"/>
</kw>
<status status="PASS" starttime="20230621 16:54:11.208" endtime="20230621 16:54:13.212"/>
</test>
<test id="s1-s1-t2" name="2. Test forgot password - not existed email" line="10">
<kw name="Test forgot password">
<arg>jaklsd@gom.ci</arg>
<arg>your mail not in our database</arg>
<kw name="Input email forgot password" library="Main">
<arg>${username}</arg>
<kw name="Wait Until Element Is Visible" library="SeleniumLibrary">
<arg>//*[@id="user_email"]</arg>
<doc>Waits until the element ``locator`` is visible.</doc>
<status status="PASS" starttime="20230621 16:54:13.214" endtime="20230621 16:54:13.228"/>
</kw>
<kw name="Input Text" library="SeleniumLibrary">
<arg>//*[@id="user_email"]</arg>
<arg>${username}</arg>
<doc>Types the given ``text`` into the text field identified by ``locator``.</doc>
<msg timestamp="20230621 16:54:13.229" level="INFO">Typing text 'jaklsd@gom.ci' into text field '//*[@id="user_email"]'.</msg>
<status status="PASS" starttime="20230621 16:54:13.228" endtime="20230621 16:54:13.292"/>
</kw>
<status status="PASS" starttime="20230621 16:54:13.213" endtime="20230621 16:54:13.292"/>
</kw>
<kw name="Click rest password button" library="Main">
<kw name="Wait Until Element Is Visible" library="SeleniumLibrary">
<arg>xpath://*[@id="id_rest_password_button"]</arg>
<doc>Waits until the element ``locator`` is visible.</doc>
<status status="PASS" starttime="20230621 16:54:13.293" endtime="20230621 16:54:13.330"/>
</kw>
<kw name="Click Element" library="SeleniumLibrary">
<arg>xpath://*[@id="id_rest_password_button"]</arg>
<doc>Click the element identified by ``locator``.</doc>
<msg timestamp="20230621 16:54:13.331" level="INFO">Clicking element 'xpath://*[@id="id_rest_password_button"]'.</msg>
<status status="PASS" starttime="20230621 16:54:13.330" endtime="20230621 16:54:13.567"/>
</kw>
<status status="PASS" starttime="20230621 16:54:13.293" endtime="20230621 16:54:13.567"/>
</kw>
<kw name="Run Keyword If" library="BuiltIn">
<arg>'${expected}' == 'Not valid email'</arg>
<arg>check if we got error message invalid mail</arg>
<doc>Runs the given keyword with the given arguments, if ``condition`` is true.</doc>
<status status="PASS" starttime="20230621 16:54:13.567" endtime="20230621 16:54:13.568"/>
</kw>
<kw name="Run Keyword If" library="BuiltIn">
<arg>'${expected}' == 'your mail not in our database'</arg>
<arg>check if we got error message mail not exist</arg>
<doc>Runs the given keyword with the given arguments, if ``condition`` is true.</doc>
<kw name="check if we got error message mail not exist" library="Main">
<kw name="Wait Until Element Is Visible" library="SeleniumLibrary">
<arg>xpath://*[@id="id_error_message_rest_password_notExistMail"]</arg>
<doc>Waits until the element ``locator`` is visible.</doc>
<status status="PASS" starttime="20230621 16:54:13.568" endtime="20230621 16:54:13.995"/>
</kw>
<kw name="Page Should Contain Element" library="SeleniumLibrary">
<arg>xpath://*[@id="id_error_message_rest_password_notExistMail"]</arg>
<doc>Verifies that element ``locator`` is found on the current page.</doc>
<msg timestamp="20230621 16:54:14.004" level="INFO">Current page contains element 'xpath://*[@id="id_error_message_rest_password_notExistMail"]'.</msg>
<status status="PASS" starttime="20230621 16:54:13.995" endtime="20230621 16:54:14.004"/>
</kw>
<status status="PASS" starttime="20230621 16:54:13.568" endtime="20230621 16:54:14.004"/>
</kw>
<status status="PASS" starttime="20230621 16:54:13.568" endtime="20230621 16:54:14.004"/>
</kw>
<status status="PASS" starttime="20230621 16:54:13.213" endtime="20230621 16:54:14.004"/>
</kw>
<status status="PASS" starttime="20230621 16:54:13.213" endtime="20230621 16:54:14.004"/>
</test>
<test id="s1-s1-t3" name="3. Test forgot password - not existed email" line="11">
<kw name="Test forgot password">
<arg>admin@gmail.co.il</arg>
<arg>your mail not in our database</arg>
<kw name="Input email forgot password" library="Main">
<arg>${username}</arg>
<kw name="Wait Until Element Is Visible" library="SeleniumLibrary">
<arg>//*[@id="user_email"]</arg>
<doc>Waits until the element ``locator`` is visible.</doc>
<status status="PASS" starttime="20230621 16:54:14.006" endtime="20230621 16:54:14.023"/>
</kw>
<kw name="Input Text" library="SeleniumLibrary">
<arg>//*[@id="user_email"]</arg>
<arg>${username}</arg>
<doc>Types the given ``text`` into the text field identified by ``locator``.</doc>
<msg timestamp="20230621 16:54:14.024" level="INFO">Typing text 'admin@gmail.co.il' into text field '//*[@id="user_email"]'.</msg>
<status status="PASS" starttime="20230621 16:54:14.023" endtime="20230621 16:54:14.090"/>
</kw>
<status status="PASS" starttime="20230621 16:54:14.005" endtime="20230621 16:54:14.090"/>
</kw>
<kw name="Click rest password button" library="Main">
<kw name="Wait Until Element Is Visible" library="SeleniumLibrary">
<arg>xpath://*[@id="id_rest_password_button"]</arg>
<doc>Waits until the element ``locator`` is visible.</doc>
<status status="PASS" starttime="20230621 16:54:14.090" endtime="20230621 16:54:14.106"/>
</kw>
<kw name="Click Element" library="SeleniumLibrary">
<arg>xpath://*[@id="id_rest_password_button"]</arg>
<doc>Click the element identified by ``locator``.</doc>
<msg timestamp="20230621 16:54:14.107" level="INFO">Clicking element 'xpath://*[@id="id_rest_password_button"]'.</msg>
<status status="PASS" starttime="20230621 16:54:14.107" endtime="20230621 16:54:14.326"/>
</kw>
<status status="PASS" starttime="20230621 16:54:14.090" endtime="20230621 16:54:14.326"/>
</kw>
<kw name="Run Keyword If" library="BuiltIn">
<arg>'${expected}' == 'Not valid email'</arg>
<arg>check if we got error message invalid mail</arg>
<doc>Runs the given keyword with the given arguments, if ``condition`` is true.</doc>
<status status="PASS" starttime="20230621 16:54:14.326" endtime="20230621 16:54:14.326"/>
</kw>
<kw name="Run Keyword If" library="BuiltIn">
<arg>'${expected}' == 'your mail not in our database'</arg>
<arg>check if we got error message mail not exist</arg>
<doc>Runs the given keyword with the given arguments, if ``condition`` is true.</doc>
<kw name="check if we got error message mail not exist" library="Main">
<kw name="Wait Until Element Is Visible" library="SeleniumLibrary">
<arg>xpath://*[@id="id_error_message_rest_password_notExistMail"]</arg>
<doc>Waits until the element ``locator`` is visible.</doc>
<status status="PASS" starttime="20230621 16:54:14.327" endtime="20230621 16:54:14.556"/>
</kw>
<kw name="Page Should Contain Element" library="SeleniumLibrary">
<arg>xpath://*[@id="id_error_message_rest_password_notExistMail"]</arg>
<doc>Verifies that element ``locator`` is found on the current page.</doc>
<msg timestamp="20230621 16:54:14.561" level="INFO">Current page contains element 'xpath://*[@id="id_error_message_rest_password_notExistMail"]'.</msg>
<status status="PASS" starttime="20230621 16:54:14.556" endtime="20230621 16:54:14.561"/>
</kw>
<status status="PASS" starttime="20230621 16:54:14.327" endtime="20230621 16:54:14.561"/>
</kw>
<status status="PASS" starttime="20230621 16:54:14.326" endtime="20230621 16:54:14.561"/>
</kw>
<status status="PASS" starttime="20230621 16:54:14.005" endtime="20230621 16:54:14.561"/>
</kw>
<status status="PASS" starttime="20230621 16:54:14.005" endtime="20230621 16:54:14.562"/>
</test>
<test id="s1-s1-t4" name="4. Test forgot password - not valid email" line="12">
<kw name="Test forgot password">
<arg>admin@gmail.co.</arg>
<arg>Not valid email</arg>
<kw name="Input email forgot password" library="Main">
<arg>${username}</arg>
<kw name="Wait Until Element Is Visible" library="SeleniumLibrary">
<arg>//*[@id="user_email"]</arg>
<doc>Waits until the element ``locator`` is visible.</doc>
<status status="PASS" starttime="20230621 16:54:14.563" endtime="20230621 16:54:14.581"/>
</kw>
<kw name="Input Text" library="SeleniumLibrary">
<arg>//*[@id="user_email"]</arg>
<arg>${username}</arg>
<doc>Types the given ``text`` into the text field identified by ``locator``.</doc>
<msg timestamp="20230621 16:54:14.582" level="INFO">Typing text 'admin@gmail.co.' into text field '//*[@id="user_email"]'.</msg>
<status status="PASS" starttime="20230621 16:54:14.581" endtime="20230621 16:54:14.640"/>
</kw>
<status status="PASS" starttime="20230621 16:54:14.563" endtime="20230621 16:54:14.640"/>
</kw>
<kw name="Click rest password button" library="Main">
<kw name="Wait Until Element Is Visible" library="SeleniumLibrary">
<arg>xpath://*[@id="id_rest_password_button"]</arg>
<doc>Waits until the element ``locator`` is visible.</doc>
<status status="PASS" starttime="20230621 16:54:14.640" endtime="20230621 16:54:14.688"/>
</kw>
<kw name="Click Element" library="SeleniumLibrary">
<arg>xpath://*[@id="id_rest_password_button"]</arg>
<doc>Click the element identified by ``locator``.</doc>
<msg timestamp="20230621 16:54:14.689" level="INFO">Clicking element 'xpath://*[@id="id_rest_password_button"]'.</msg>
<status status="PASS" starttime="20230621 16:54:14.688" endtime="20230621 16:54:14.907"/>
</kw>
<status status="PASS" starttime="20230621 16:54:14.640" endtime="20230621 16:54:14.908"/>
</kw>
<kw name="Run Keyword If" library="BuiltIn">
<arg>'${expected}' == 'Not valid email'</arg>
<arg>check if we got error message invalid mail</arg>
<doc>Runs the given keyword with the given arguments, if ``condition`` is true.</doc>
<kw name="check if we got error message invalid mail" library="Main">
<kw name="Wait Until Element Is Visible" library="SeleniumLibrary">
<arg>xpath://*[@id="id_error_message_rest_password_validEmail"]</arg>
<doc>Waits until the element ``locator`` is visible.</doc>
<status status="PASS" starttime="20230621 16:54:14.908" endtime="20230621 16:54:14.926"/>
</kw>
<kw name="Page Should Contain Element" library="SeleniumLibrary">
<arg>xpath://*[@id="id_error_message_rest_password_validEmail"]</arg>
<doc>Verifies that element ``locator`` is found on the current page.</doc>
<msg timestamp="20230621 16:54:14.929" level="INFO">Current page contains element 'xpath://*[@id="id_error_message_rest_password_validEmail"]'.</msg>
<status status="PASS" starttime="20230621 16:54:14.926" endtime="20230621 16:54:14.929"/>
</kw>
<status status="PASS" starttime="20230621 16:54:14.908" endtime="20230621 16:54:14.929"/>
</kw>
<status status="PASS" starttime="20230621 16:54:14.908" endtime="20230621 16:54:14.929"/>
</kw>
<kw name="Run Keyword If" library="BuiltIn">
<arg>'${expected}' == 'your mail not in our database'</arg>
<arg>check if we got error message mail not exist</arg>
<doc>Runs the given keyword with the given arguments, if ``condition`` is true.</doc>
<status status="PASS" starttime="20230621 16:54:14.930" endtime="20230621 16:54:14.930"/>
</kw>
<status status="PASS" starttime="20230621 16:54:14.563" endtime="20230621 16:54:14.930"/>
</kw>
<status status="PASS" starttime="20230621 16:54:14.562" endtime="20230621 16:54:14.930"/>
</test>
<test id="s1-s1-t5" name="5. Test forgot password - not existed email" line="13">
<kw name="Test forgot password">
<arg>mohamed@gmail.com</arg>
<arg>your mail not in our database</arg>
<kw name="Input email forgot password" library="Main">
<arg>${username}</arg>
<kw name="Wait Until Element Is Visible" library="SeleniumLibrary">
<arg>//*[@id="user_email"]</arg>
<doc>Waits until the element ``locator`` is visible.</doc>
<status status="PASS" starttime="20230621 16:54:14.931" endtime="20230621 16:54:14.950"/>
</kw>
<kw name="Input Text" library="SeleniumLibrary">
<arg>//*[@id="user_email"]</arg>
<arg>${username}</arg>
<doc>Types the given ``text`` into the text field identified by ``locator``.</doc>
<msg timestamp="20230621 16:54:14.951" level="INFO">Typing text 'mohamed@gmail.com' into text field '//*[@id="user_email"]'.</msg>
<status status="PASS" starttime="20230621 16:54:14.950" endtime="20230621 16:54:15.000"/>
</kw>
<status status="PASS" starttime="20230621 16:54:14.931" endtime="20230621 16:54:15.000"/>
</kw>
<kw name="Click rest password button" library="Main">
<kw name="Wait Until Element Is Visible" library="SeleniumLibrary">
<arg>xpath://*[@id="id_rest_password_button"]</arg>
<doc>Waits until the element ``locator`` is visible.</doc>
<status status="PASS" starttime="20230621 16:54:15.001" endtime="20230621 16:54:15.017"/>
</kw>
<kw name="Click Element" library="SeleniumLibrary">
<arg>xpath://*[@id="id_rest_password_button"]</arg>
<doc>Click the element identified by ``locator``.</doc>
<msg timestamp="20230621 16:54:15.018" level="INFO">Clicking element 'xpath://*[@id="id_rest_password_button"]'.</msg>
<status status="PASS" starttime="20230621 16:54:15.017" endtime="20230621 16:54:15.239"/>
</kw>
<status status="PASS" starttime="20230621 16:54:15.001" endtime="20230621 16:54:15.239"/>
</kw>
<kw name="Run Keyword If" library="BuiltIn">
<arg>'${expected}' == 'Not valid email'</arg>
<arg>check if we got error message invalid mail</arg>
<doc>Runs the given keyword with the given arguments, if ``condition`` is true.</doc>
<status status="PASS" starttime="20230621 16:54:15.240" endtime="20230621 16:54:15.240"/>
</kw>
<kw name="Run Keyword If" library="BuiltIn">
<arg>'${expected}' == 'your mail not in our database'</arg>
<arg>check if we got error message mail not exist</arg>
<doc>Runs the given keyword with the given arguments, if ``condition`` is true.</doc>
<kw name="check if we got error message mail not exist" library="Main">
<kw name="Wait Until Element Is Visible" library="SeleniumLibrary">
<arg>xpath://*[@id="id_error_message_rest_password_notExistMail"]</arg>
<doc>Waits until the element ``locator`` is visible.</doc>
<status status="PASS" starttime="20230621 16:54:15.241" endtime="20230621 16:54:15.460"/>
</kw>
<kw name="Page Should Contain Element" library="SeleniumLibrary">
<arg>xpath://*[@id="id_error_message_rest_password_notExistMail"]</arg>
<doc>Verifies that element ``locator`` is found on the current page.</doc>
<msg timestamp="20230621 16:54:15.463" level="INFO">Current page contains element 'xpath://*[@id="id_error_message_rest_password_notExistMail"]'.</msg>
<status status="PASS" starttime="20230621 16:54:15.460" endtime="20230621 16:54:15.463"/>
</kw>
<status status="PASS" starttime="20230621 16:54:15.240" endtime="20230621 16:54:15.463"/>
</kw>
<status status="PASS" starttime="20230621 16:54:15.240" endtime="20230621 16:54:15.464"/>
</kw>
<status status="PASS" starttime="20230621 16:54:14.931" endtime="20230621 16:54:15.464"/>
</kw>
<status status="PASS" starttime="20230621 16:54:14.930" endtime="20230621 16:54:15.464"/>
</test>
<test id="s1-s1-t6" name="6. Test forgot password - not valid email" line="14">
<kw name="Test forgot password">
<arg>admin@gmail.co9</arg>
<arg>Not valid email</arg>
<kw name="Input email forgot password" library="Main">
<arg>${username}</arg>
<kw name="Wait Until Element Is Visible" library="SeleniumLibrary">
<arg>//*[@id="user_email"]</arg>
<doc>Waits until the element ``locator`` is visible.</doc>
<status status="PASS" starttime="20230621 16:54:15.466" endtime="20230621 16:54:15.481"/>
</kw>
<kw name="Input Text" library="SeleniumLibrary">
<arg>//*[@id="user_email"]</arg>
<arg>${username}</arg>
<doc>Types the given ``text`` into the text field identified by ``locator``.</doc>
<msg timestamp="20230621 16:54:15.482" level="INFO">Typing text 'admin@gmail.co9' into text field '//*[@id="user_email"]'.</msg>
<status status="PASS" starttime="20230621 16:54:15.482" endtime="20230621 16:54:15.539"/>
</kw>
<status status="PASS" starttime="20230621 16:54:15.465" endtime="20230621 16:54:15.539"/>
</kw>
<kw name="Click rest password button" library="Main">
<kw name="Wait Until Element Is Visible" library="SeleniumLibrary">
<arg>xpath://*[@id="id_rest_password_button"]</arg>
<doc>Waits until the element ``locator`` is visible.</doc>
<status status="PASS" starttime="20230621 16:54:15.539" endtime="20230621 16:54:15.556"/>
</kw>
<kw name="Click Element" library="SeleniumLibrary">
<arg>xpath://*[@id="id_rest_password_button"]</arg>
<doc>Click the element identified by ``locator``.</doc>
<msg timestamp="20230621 16:54:15.557" level="INFO">Clicking element 'xpath://*[@id="id_rest_password_button"]'.</msg>
<status status="PASS" starttime="20230621 16:54:15.556" endtime="20230621 16:54:15.773"/>
</kw>
<status status="PASS" starttime="20230621 16:54:15.539" endtime="20230621 16:54:15.773"/>
</kw>
<kw name="Run Keyword If" library="BuiltIn">
<arg>'${expected}' == 'Not valid email'</arg>
<arg>check if we got error message invalid mail</arg>
<doc>Runs the given keyword with the given arguments, if ``condition`` is true.</doc>
<kw name="check if we got error message invalid mail" library="Main">
<kw name="Wait Until Element Is Visible" library="SeleniumLibrary">
<arg>xpath://*[@id="id_error_message_rest_password_validEmail"]</arg>
<doc>Waits until the element ``locator`` is visible.</doc>
<status status="PASS" starttime="20230621 16:54:15.774" endtime="20230621 16:54:15.792"/>
</kw>
<kw name="Page Should Contain Element" library="SeleniumLibrary">
<arg>xpath://*[@id="id_error_message_rest_password_validEmail"]</arg>
<doc>Verifies that element ``locator`` is found on the current page.</doc>
<msg timestamp="20230621 16:54:15.796" level="INFO">Current page contains element 'xpath://*[@id="id_error_message_rest_password_validEmail"]'.</msg>
<status status="PASS" starttime="20230621 16:54:15.792" endtime="20230621 16:54:15.796"/>
</kw>
<status status="PASS" starttime="20230621 16:54:15.774" endtime="20230621 16:54:15.796"/>
</kw>
<status status="PASS" starttime="20230621 16:54:15.773" endtime="20230621 16:54:15.796"/>
</kw>
<kw name="Run Keyword If" library="BuiltIn">
<arg>'${expected}' == 'your mail not in our database'</arg>
<arg>check if we got error message mail not exist</arg>
<doc>Runs the given keyword with the given arguments, if ``condition`` is true.</doc>
<status status="PASS" starttime="20230621 16:54:15.796" endtime="20230621 16:54:15.797"/>
</kw>
<status status="PASS" starttime="20230621 16:54:15.465" endtime="20230621 16:54:15.797"/>
</kw>
<status status="PASS" starttime="20230621 16:54:15.465" endtime="20230621 16:54:15.797"/>
</test>
<test id="s1-s1-t7" name="7. Test forgot password - not existed email" line="15">
<kw name="Test forgot password">
<arg>john@hotm ail.com</arg>
<arg>Not valid email</arg>
<kw name="Input email forgot password" library="Main">
<arg>${username}</arg>
<kw name="Wait Until Element Is Visible" library="SeleniumLibrary">
<arg>//*[@id="user_email"]</arg>
<doc>Waits until the element ``locator`` is visible.</doc>
<status status="PASS" starttime="20230621 16:54:15.798" endtime="20230621 16:54:15.812"/>
</kw>
<kw name="Input Text" library="SeleniumLibrary">
<arg>//*[@id="user_email"]</arg>
<arg>${username}</arg>
<doc>Types the given ``text`` into the text field identified by ``locator``.</doc>
<msg timestamp="20230621 16:54:15.813" level="INFO">Typing text 'john@hotm ail.com' into text field '//*[@id="user_email"]'.</msg>
<status status="PASS" starttime="20230621 16:54:15.812" endtime="20230621 16:54:15.873"/>
</kw>
<status status="PASS" starttime="20230621 16:54:15.798" endtime="20230621 16:54:15.873"/>
</kw>
<kw name="Click rest password button" library="Main">
<kw name="Wait Until Element Is Visible" library="SeleniumLibrary">
<arg>xpath://*[@id="id_rest_password_button"]</arg>
<doc>Waits until the element ``locator`` is visible.</doc>
<status status="PASS" starttime="20230621 16:54:15.874" endtime="20230621 16:54:15.892"/>
</kw>
<kw name="Click Element" library="SeleniumLibrary">
<arg>xpath://*[@id="id_rest_password_button"]</arg>
<doc>Click the element identified by ``locator``.</doc>
<msg timestamp="20230621 16:54:15.893" level="INFO">Clicking element 'xpath://*[@id="id_rest_password_button"]'.</msg>
<status status="PASS" starttime="20230621 16:54:15.892" endtime="20230621 16:54:16.109"/>
</kw>
<status status="PASS" starttime="20230621 16:54:15.873" endtime="20230621 16:54:16.109"/>
</kw>
<kw name="Run Keyword If" library="BuiltIn">
<arg>'${expected}' == 'Not valid email'</arg>
<arg>check if we got error message invalid mail</arg>
<doc>Runs the given keyword with the given arguments, if ``condition`` is true.</doc>
<kw name="check if we got error message invalid mail" library="Main">
<kw name="Wait Until Element Is Visible" library="SeleniumLibrary">
<arg>xpath://*[@id="id_error_message_rest_password_validEmail"]</arg>
<doc>Waits until the element ``locator`` is visible.</doc>
<status status="PASS" starttime="20230621 16:54:16.110" endtime="20230621 16:54:16.127"/>
</kw>
<kw name="Page Should Contain Element" library="SeleniumLibrary">
<arg>xpath://*[@id="id_error_message_rest_password_validEmail"]</arg>
<doc>Verifies that element ``locator`` is found on the current page.</doc>
<msg timestamp="20230621 16:54:16.131" level="INFO">Current page contains element 'xpath://*[@id="id_error_message_rest_password_validEmail"]'.</msg>
<status status="PASS" starttime="20230621 16:54:16.127" endtime="20230621 16:54:16.131"/>
</kw>
<status status="PASS" starttime="20230621 16:54:16.110" endtime="20230621 16:54:16.131"/>
</kw>
<status status="PASS" starttime="20230621 16:54:16.109" endtime="20230621 16:54:16.131"/>
</kw>
<kw name="Run Keyword If" library="BuiltIn">
<arg>'${expected}' == 'your mail not in our database'</arg>
<arg>check if we got error message mail not exist</arg>
<doc>Runs the given keyword with the given arguments, if ``condition`` is true.</doc>
<status status="PASS" starttime="20230621 16:54:16.132" endtime="20230621 16:54:16.132"/>
</kw>
<status status="PASS" starttime="20230621 16:54:15.798" endtime="20230621 16:54:16.132"/>
</kw>
<status status="PASS" starttime="20230621 16:54:15.797" endtime="20230621 16:54:16.132"/>
</test>
<test id="s1-s1-t8" name="8. Test forgot password - not valid email" line="16">
<kw name="Test forgot password">
<arg>john@</arg>
<arg>Not valid email</arg>
<kw name="Input email forgot password" library="Main">
<arg>${username}</arg>
<kw name="Wait Until Element Is Visible" library="SeleniumLibrary">
<arg>//*[@id="user_email"]</arg>
<doc>Waits until the element ``locator`` is visible.</doc>
<status status="PASS" starttime="20230621 16:54:16.134" endtime="20230621 16:54:16.148"/>
</kw>
<kw name="Input Text" library="SeleniumLibrary">
<arg>//*[@id="user_email"]</arg>
<arg>${username}</arg>
<doc>Types the given ``text`` into the text field identified by ``locator``.</doc>
<msg timestamp="20230621 16:54:16.148" level="INFO">Typing text 'john@' into text field '//*[@id="user_email"]'.</msg>
<status status="PASS" starttime="20230621 16:54:16.148" endtime="20230621 16:54:16.178"/>
</kw>
<status status="PASS" starttime="20230621 16:54:16.133" endtime="20230621 16:54:16.179"/>
</kw>
<kw name="Click rest password button" library="Main">
<kw name="Wait Until Element Is Visible" library="SeleniumLibrary">
<arg>xpath://*[@id="id_rest_password_button"]</arg>
<doc>Waits until the element ``locator`` is visible.</doc>
<status status="PASS" starttime="20230621 16:54:16.179" endtime="20230621 16:54:16.195"/>
</kw>
<kw name="Click Element" library="SeleniumLibrary">
<arg>xpath://*[@id="id_rest_password_button"]</arg>
<doc>Click the element identified by ``locator``.</doc>
<msg timestamp="20230621 16:54:16.195" level="INFO">Clicking element 'xpath://*[@id="id_rest_password_button"]'.</msg>
<status status="PASS" starttime="20230621 16:54:16.195" endtime="20230621 16:54:16.410"/>
</kw>
<status status="PASS" starttime="20230621 16:54:16.179" endtime="20230621 16:54:16.411"/>
</kw>
<kw name="Run Keyword If" library="BuiltIn">
<arg>'${expected}' == 'Not valid email'</arg>
<arg>check if we got error message invalid mail</arg>
<doc>Runs the given keyword with the given arguments, if ``condition`` is true.</doc>
<kw name="check if we got error message invalid mail" library="Main">
<kw name="Wait Until Element Is Visible" library="SeleniumLibrary">
<arg>xpath://*[@id="id_error_message_rest_password_validEmail"]</arg>
<doc>Waits until the element ``locator`` is visible.</doc>
<status status="PASS" starttime="20230621 16:54:16.412" endtime="20230621 16:54:16.430"/>
</kw>
<kw name="Page Should Contain Element" library="SeleniumLibrary">
<arg>xpath://*[@id="id_error_message_rest_password_validEmail"]</arg>
<doc>Verifies that element ``locator`` is found on the current page.</doc>
<msg timestamp="20230621 16:54:16.433" level="INFO">Current page contains element 'xpath://*[@id="id_error_message_rest_password_validEmail"]'.</msg>
<status status="PASS" starttime="20230621 16:54:16.430" endtime="20230621 16:54:16.433"/>
</kw>
<status status="PASS" starttime="20230621 16:54:16.411" endtime="20230621 16:54:16.434"/>
</kw>
<status status="PASS" starttime="20230621 16:54:16.411" endtime="20230621 16:54:16.434"/>
</kw>
<kw name="Run Keyword If" library="BuiltIn">
<arg>'${expected}' == 'your mail not in our database'</arg>
<arg>check if we got error message mail not exist</arg>
<doc>Runs the given keyword with the given arguments, if ``condition`` is true.</doc>
<status status="PASS" starttime="20230621 16:54:16.434" endtime="20230621 16:54:16.434"/>
</kw>
<status status="PASS" starttime="20230621 16:54:16.133" endtime="20230621 16:54:16.434"/>
</kw>
<status status="PASS" starttime="20230621 16:54:16.133" endtime="20230621 16:54:16.434"/>
</test>
<kw name="Close browsers" library="Main" type="TEARDOWN">
<kw name="Close All Browsers" library="SeleniumLibrary">
<doc>Closes all open browsers and resets the browser cache.</doc>
<status status="PASS" starttime="20230621 16:54:16.436" endtime="20230621 16:54:17.288"/>
</kw>
<status status="PASS" starttime="20230621 16:54:16.436" endtime="20230621 16:54:17.288"/>
</kw>
<status status="PASS" starttime="20230621 16:54:03.319" endtime="20230621 16:54:17.288"/>
</suite>
<suite id="s1-s2" name="tc Invalid login" source="/home/runner/work/BlackShift-Termi/BlackShift-Termi/robot_automation/robot_basics/tc_Invalid_login.robot">
<kw name="Open my Browser" library="Main" type="SETUP">
<kw name="Open Browser" library="SeleniumLibrary">
<arg>${LOGIN URL}</arg>
<arg>${BROWSER}</arg>
<doc>Opens a new browser instance to the optional ``url``.</doc>
<msg timestamp="20230621 16:54:17.295" level="INFO">Opening browser 'Firefox' to base url 'https://p7024.y2022.kinneret.cc/login'.</msg>
<status status="PASS" starttime="20230621 16:54:17.294" endtime="20230621 16:54:23.170"/>
</kw>
<kw name="Maximize Browser Window" library="SeleniumLibrary">
<doc>Maximizes current browser window.</doc>
<status status="PASS" starttime="20230621 16:54:23.170" endtime="20230621 16:54:23.172"/>
</kw>
<status status="PASS" starttime="20230621 16:54:17.294" endtime="20230621 16:54:23.173"/>
</kw>
<test id="s1-s2-t1" name="Right user empty pwd" line="9">
<kw name="Invalid login">
<arg>admin@gmail.com</arg>
<arg>${EMPTY}</arg>
<kw name="Input username" library="Main">
<arg>${username}</arg>
<kw name="Wait Until Element Is Visible" library="SeleniumLibrary">
<arg>xpath://input[@id="id_input_email_login"]</arg>
<doc>Waits until the element ``locator`` is visible.</doc>
<status status="PASS" starttime="20230621 16:54:23.174" endtime="20230621 16:54:24.859"/>
</kw>
<kw name="Input Text" library="SeleniumLibrary">
<arg>xpath://input[@id="id_input_email_login"]</arg>
<arg>${username}</arg>
<doc>Types the given ``text`` into the text field identified by ``locator``.</doc>
<msg timestamp="20230621 16:54:24.860" level="INFO">Typing text 'admin@gmail.com' into text field 'xpath://input[@id="id_input_email_login"]'.</msg>
<status status="PASS" starttime="20230621 16:54:24.860" endtime="20230621 16:54:25.033"/>
</kw>
<status status="PASS" starttime="20230621 16:54:23.174" endtime="20230621 16:54:25.033"/>
</kw>
<kw name="Input pwd" library="Main">
<arg>${password}</arg>
<kw name="Wait Until Element Is Visible" library="SeleniumLibrary">
<arg>xpath://input[@id="id_input_password_login"]</arg>
<doc>Waits until the element ``locator`` is visible.</doc>
<status status="PASS" starttime="20230621 16:54:25.033" endtime="20230621 16:54:25.084"/>
</kw>
<kw name="Input Text" library="SeleniumLibrary">
<arg>xpath://input[@id="id_input_password_login"]</arg>
<arg>${password}</arg>
<doc>Types the given ``text`` into the text field identified by ``locator``.</doc>
<msg timestamp="20230621 16:54:25.085" level="INFO">Typing text '' into text field 'xpath://input[@id="id_input_password_login"]'.</msg>
<status status="PASS" starttime="20230621 16:54:25.084" endtime="20230621 16:54:25.104"/>
</kw>
<status status="PASS" starttime="20230621 16:54:25.033" endtime="20230621 16:54:25.104"/>
</kw>
<kw name="click login button" library="Main">
<kw name="Click Element" library="SeleniumLibrary">
<arg>id:id_button_login</arg>
<doc>Click the element identified by ``locator``.</doc>
<msg timestamp="20230621 16:54:25.105" level="INFO">Clicking element 'id:id_button_login'.</msg>
<status status="PASS" starttime="20230621 16:54:25.105" endtime="20230621 16:54:25.359"/>
</kw>
<status status="PASS" starttime="20230621 16:54:25.104" endtime="20230621 16:54:25.359"/>
</kw>
<kw name="Error message should be visible" library="Main">
<kw name="Wait Until Element Is Visible" library="SeleniumLibrary">
<arg>xpath://*[@id="full_wrapper"]/div[1]/div[2]/div/div/div/form/div/div[2]/div[2]/label</arg>
<doc>Waits until the element ``locator`` is visible.</doc>
<status status="PASS" starttime="20230621 16:54:25.360" endtime="20230621 16:54:25.378"/>
</kw>
<kw name="Page Should Contain" library="SeleniumLibrary">
<arg>Wrong password</arg>
<doc>Verifies that current page contains ``text``.</doc>
<msg timestamp="20230621 16:54:25.401" level="INFO">Current page contains text 'Wrong password'.</msg>
<status status="PASS" starttime="20230621 16:54:25.378" endtime="20230621 16:54:25.401"/>
</kw>
<status status="PASS" starttime="20230621 16:54:25.360" endtime="20230621 16:54:25.401"/>
</kw>
<status status="PASS" starttime="20230621 16:54:23.173" endtime="20230621 16:54:25.401"/>
</kw>
<status status="PASS" starttime="20230621 16:54:23.173" endtime="20230621 16:54:25.401"/>
</test>
<test id="s1-s2-t2" name="Right user wrong pwd" line="10">
<kw name="Invalid login">
<arg>admin@gmail.com</arg>
<arg>xyz</arg>
<kw name="Input username" library="Main">
<arg>${username}</arg>
<kw name="Wait Until Element Is Visible" library="SeleniumLibrary">
<arg>xpath://input[@id="id_input_email_login"]</arg>
<doc>Waits until the element ``locator`` is visible.</doc>
<status status="PASS" starttime="20230621 16:54:25.403" endtime="20230621 16:54:25.420"/>
</kw>
<kw name="Input Text" library="SeleniumLibrary">
<arg>xpath://input[@id="id_input_email_login"]</arg>
<arg>${username}</arg>
<doc>Types the given ``text`` into the text field identified by ``locator``.</doc>
<msg timestamp="20230621 16:54:25.421" level="INFO">Typing text 'admin@gmail.com' into text field 'xpath://input[@id="id_input_email_login"]'.</msg>
<status status="PASS" starttime="20230621 16:54:25.421" endtime="20230621 16:54:25.521"/>
</kw>
<status status="PASS" starttime="20230621 16:54:25.402" endtime="20230621 16:54:25.522"/>
</kw>
<kw name="Input pwd" library="Main">
<arg>${password}</arg>
<kw name="Wait Until Element Is Visible" library="SeleniumLibrary">
<arg>xpath://input[@id="id_input_password_login"]</arg>
<doc>Waits until the element ``locator`` is visible.</doc>
<status status="PASS" starttime="20230621 16:54:25.522" endtime="20230621 16:54:25.544"/>
</kw>
<kw name="Input Text" library="SeleniumLibrary">
<arg>xpath://input[@id="id_input_password_login"]</arg>
<arg>${password}</arg>
<doc>Types the given ``text`` into the text field identified by ``locator``.</doc>
<msg timestamp="20230621 16:54:25.545" level="INFO">Typing text 'xyz' into text field 'xpath://input[@id="id_input_password_login"]'.</msg>
<status status="PASS" starttime="20230621 16:54:25.545" endtime="20230621 16:54:25.587"/>
</kw>
<status status="PASS" starttime="20230621 16:54:25.522" endtime="20230621 16:54:25.587"/>
</kw>
<kw name="click login button" library="Main">
<kw name="Click Element" library="SeleniumLibrary">
<arg>id:id_button_login</arg>
<doc>Click the element identified by ``locator``.</doc>
<msg timestamp="20230621 16:54:25.588" level="INFO">Clicking element 'id:id_button_login'.</msg>
<status status="PASS" starttime="20230621 16:54:25.588" endtime="20230621 16:54:25.816"/>
</kw>
<status status="PASS" starttime="20230621 16:54:25.587" endtime="20230621 16:54:25.816"/>
</kw>
<kw name="Error message should be visible" library="Main">
<kw name="Wait Until Element Is Visible" library="SeleniumLibrary">
<arg>xpath://*[@id="full_wrapper"]/div[1]/div[2]/div/div/div/form/div/div[2]/div[2]/label</arg>
<doc>Waits until the element ``locator`` is visible.</doc>
<status status="PASS" starttime="20230621 16:54:25.816" endtime="20230621 16:54:25.836"/>
</kw>
<kw name="Page Should Contain" library="SeleniumLibrary">
<arg>Wrong password</arg>
<doc>Verifies that current page contains ``text``.</doc>
<msg timestamp="20230621 16:54:25.856" level="INFO">Current page contains text 'Wrong password'.</msg>
<status status="PASS" starttime="20230621 16:54:25.836" endtime="20230621 16:54:25.856"/>
</kw>
<status status="PASS" starttime="20230621 16:54:25.816" endtime="20230621 16:54:25.856"/>
</kw>
<status status="PASS" starttime="20230621 16:54:25.402" endtime="20230621 16:54:25.856"/>
</kw>
<status status="PASS" starttime="20230621 16:54:25.402" endtime="20230621 16:54:25.856"/>
</test>
<test id="s1-s2-t3" name="Wrong user right pwd" line="11">
<kw name="Invalid login">
<arg>adm@gmail.com</arg>
<arg>adm123456</arg>
<kw name="Input username" library="Main">
<arg>${username}</arg>
<kw name="Wait Until Element Is Visible" library="SeleniumLibrary">
<arg>xpath://input[@id="id_input_email_login"]</arg>
<doc>Waits until the element ``locator`` is visible.</doc>
<status status="PASS" starttime="20230621 16:54:25.858" endtime="20230621 16:54:25.877"/>
</kw>
<kw name="Input Text" library="SeleniumLibrary">
<arg>xpath://input[@id="id_input_email_login"]</arg>
<arg>${username}</arg>
<doc>Types the given ``text`` into the text field identified by ``locator``.</doc>
<msg timestamp="20230621 16:54:25.878" level="INFO">Typing text 'adm@gmail.com' into text field 'xpath://input[@id="id_input_email_login"]'.</msg>
<status status="PASS" starttime="20230621 16:54:25.877" endtime="20230621 16:54:25.953"/>
</kw>
<status status="PASS" starttime="20230621 16:54:25.858" endtime="20230621 16:54:25.953"/>
</kw>
<kw name="Input pwd" library="Main">
<arg>${password}</arg>
<kw name="Wait Until Element Is Visible" library="SeleniumLibrary">
<arg>xpath://input[@id="id_input_password_login"]</arg>
<doc>Waits until the element ``locator`` is visible.</doc>
<status status="PASS" starttime="20230621 16:54:25.954" endtime="20230621 16:54:25.974"/>
</kw>
<kw name="Input Text" library="SeleniumLibrary">
<arg>xpath://input[@id="id_input_password_login"]</arg>
<arg>${password}</arg>
<doc>Types the given ``text`` into the text field identified by ``locator``.</doc>
<msg timestamp="20230621 16:54:25.975" level="INFO">Typing text 'adm123456' into text field 'xpath://input[@id="id_input_password_login"]'.</msg>
<status status="PASS" starttime="20230621 16:54:25.975" endtime="20230621 16:54:26.033"/>
</kw>
<status status="PASS" starttime="20230621 16:54:25.953" endtime="20230621 16:54:26.033"/>
</kw>
<kw name="click login button" library="Main">
<kw name="Click Element" library="SeleniumLibrary">
<arg>id:id_button_login</arg>
<doc>Click the element identified by ``locator``.</doc>
<msg timestamp="20230621 16:54:26.034" level="INFO">Clicking element 'id:id_button_login'.</msg>
<status status="PASS" starttime="20230621 16:54:26.034" endtime="20230621 16:54:26.267"/>
</kw>
<status status="PASS" starttime="20230621 16:54:26.033" endtime="20230621 16:54:26.267"/>
</kw>
<kw name="Error message should be visible" library="Main">
<kw name="Wait Until Element Is Visible" library="SeleniumLibrary">
<arg>xpath://*[@id="full_wrapper"]/div[1]/div[2]/div/div/div/form/div/div[2]/div[2]/label</arg>
<doc>Waits until the element ``locator`` is visible.</doc>
<status status="PASS" starttime="20230621 16:54:26.267" endtime="20230621 16:54:26.727"/>
</kw>
<kw name="Page Should Contain" library="SeleniumLibrary">
<arg>Wrong password</arg>
<doc>Verifies that current page contains ``text``.</doc>
<msg timestamp="20230621 16:54:26.759" level="INFO">Current page contains text 'Wrong password'.</msg>
<status status="PASS" starttime="20230621 16:54:26.727" endtime="20230621 16:54:26.759"/>
</kw>
<status status="PASS" starttime="20230621 16:54:26.267" endtime="20230621 16:54:26.759"/>
</kw>
<status status="PASS" starttime="20230621 16:54:25.858" endtime="20230621 16:54:26.759"/>
</kw>
<status status="PASS" starttime="20230621 16:54:25.857" endtime="20230621 16:54:26.759"/>
</test>
<test id="s1-s2-t4" name="Wrong user empty pwd" line="12">
<kw name="Invalid login">
<arg>adm@gmail.com</arg>
<arg>${EMPTY}</arg>
<kw name="Input username" library="Main">
<arg>${username}</arg>
<kw name="Wait Until Element Is Visible" library="SeleniumLibrary">
<arg>xpath://input[@id="id_input_email_login"]</arg>
<doc>Waits until the element ``locator`` is visible.</doc>
<status status="PASS" starttime="20230621 16:54:26.761" endtime="20230621 16:54:26.794"/>
</kw>
<kw name="Input Text" library="SeleniumLibrary">
<arg>xpath://input[@id="id_input_email_login"]</arg>
<arg>${username}</arg>
<doc>Types the given ``text`` into the text field identified by ``locator``.</doc>
<msg timestamp="20230621 16:54:26.795" level="INFO">Typing text 'adm@gmail.com' into text field 'xpath://input[@id="id_input_email_login"]'.</msg>
<status status="PASS" starttime="20230621 16:54:26.794" endtime="20230621 16:54:26.891"/>
</kw>
<status status="PASS" starttime="20230621 16:54:26.761" endtime="20230621 16:54:26.891"/>
</kw>
<kw name="Input pwd" library="Main">
<arg>${password}</arg>
<kw name="Wait Until Element Is Visible" library="SeleniumLibrary">
<arg>xpath://input[@id="id_input_password_login"]</arg>
<doc>Waits until the element ``locator`` is visible.</doc>
<status status="PASS" starttime="20230621 16:54:26.891" endtime="20230621 16:54:26.917"/>
</kw>
<kw name="Input Text" library="SeleniumLibrary">
<arg>xpath://input[@id="id_input_password_login"]</arg>
<arg>${password}</arg>
<doc>Types the given ``text`` into the text field identified by ``locator``.</doc>
<msg timestamp="20230621 16:54:26.917" level="INFO">Typing text '' into text field 'xpath://input[@id="id_input_password_login"]'.</msg>
<status status="PASS" starttime="20230621 16:54:26.917" endtime="20230621 16:54:26.944"/>
</kw>
<status status="PASS" starttime="20230621 16:54:26.891" endtime="20230621 16:54:26.944"/>
</kw>
<kw name="click login button" library="Main">
<kw name="Click Element" library="SeleniumLibrary">
<arg>id:id_button_login</arg>
<doc>Click the element identified by ``locator``.</doc>
<msg timestamp="20230621 16:54:26.945" level="INFO">Clicking element 'id:id_button_login'.</msg>
<status status="PASS" starttime="20230621 16:54:26.944" endtime="20230621 16:54:27.173"/>
</kw>
<status status="PASS" starttime="20230621 16:54:26.944" endtime="20230621 16:54:27.173"/>
</kw>
<kw name="Error message should be visible" library="Main">
<kw name="Wait Until Element Is Visible" library="SeleniumLibrary">
<arg>xpath://*[@id="full_wrapper"]/div[1]/div[2]/div/div/div/form/div/div[2]/div[2]/label</arg>
<doc>Waits until the element ``locator`` is visible.</doc>
<status status="PASS" starttime="20230621 16:54:27.174" endtime="20230621 16:54:27.195"/>
</kw>
<kw name="Page Should Contain" library="SeleniumLibrary">
<arg>Wrong password</arg>
<doc>Verifies that current page contains ``text``.</doc>
<msg timestamp="20230621 16:54:27.218" level="INFO">Current page contains text 'Wrong password'.</msg>
<status status="PASS" starttime="20230621 16:54:27.195" endtime="20230621 16:54:27.218"/>
</kw>
<status status="PASS" starttime="20230621 16:54:27.174" endtime="20230621 16:54:27.218"/>
</kw>
<status status="PASS" starttime="20230621 16:54:26.760" endtime="20230621 16:54:27.218"/>
</kw>
<status status="PASS" starttime="20230621 16:54:26.760" endtime="20230621 16:54:27.218"/>
</test>
<test id="s1-s2-t5" name="Wrong user wrong pwd" line="13">
<kw name="Invalid login">
<arg>adm@gmail.com</arg>
<arg>xyz</arg>
<kw name="Input username" library="Main">
<arg>${username}</arg>
<kw name="Wait Until Element Is Visible" library="SeleniumLibrary">
<arg>xpath://input[@id="id_input_email_login"]</arg>
<doc>Waits until the element ``locator`` is visible.</doc>
<status status="PASS" starttime="20230621 16:54:27.220" endtime="20230621 16:54:27.245"/>
</kw>
<kw name="Input Text" library="SeleniumLibrary">
<arg>xpath://input[@id="id_input_email_login"]</arg>
<arg>${username}</arg>
<doc>Types the given ``text`` into the text field identified by ``locator``.</doc>
<msg timestamp="20230621 16:54:27.246" level="INFO">Typing text 'adm@gmail.com' into text field 'xpath://input[@id="id_input_email_login"]'.</msg>
<status status="PASS" starttime="20230621 16:54:27.245" endtime="20230621 16:54:27.340"/>
</kw>
<status status="PASS" starttime="20230621 16:54:27.219" endtime="20230621 16:54:27.340"/>
</kw>
<kw name="Input pwd" library="Main">
<arg>${password}</arg>
<kw name="Wait Until Element Is Visible" library="SeleniumLibrary">
<arg>xpath://input[@id="id_input_password_login"]</arg>
<doc>Waits until the element ``locator`` is visible.</doc>
<status status="PASS" starttime="20230621 16:54:27.340" endtime="20230621 16:54:27.366"/>
</kw>
<kw name="Input Text" library="SeleniumLibrary">
<arg>xpath://input[@id="id_input_password_login"]</arg>
<arg>${password}</arg>
<doc>Types the given ``text`` into the text field identified by ``locator``.</doc>
<msg timestamp="20230621 16:54:27.367" level="INFO">Typing text 'xyz' into text field 'xpath://input[@id="id_input_password_login"]'.</msg>
<status status="PASS" starttime="20230621 16:54:27.367" endtime="20230621 16:54:27.391"/>
</kw>
<status status="PASS" starttime="20230621 16:54:27.340" endtime="20230621 16:54:27.392"/>
</kw>
<kw name="click login button" library="Main">
<kw name="Click Element" library="SeleniumLibrary">
<arg>id:id_button_login</arg>
<doc>Click the element identified by ``locator``.</doc>
<msg timestamp="20230621 16:54:27.392" level="INFO">Clicking element 'id:id_button_login'.</msg>
<status status="PASS" starttime="20230621 16:54:27.392" endtime="20230621 16:54:27.611"/>
</kw>
<status status="PASS" starttime="20230621 16:54:27.392" endtime="20230621 16:54:27.611"/>
</kw>
<kw name="Error message should be visible" library="Main">
<kw name="Wait Until Element Is Visible" library="SeleniumLibrary">
<arg>xpath://*[@id="full_wrapper"]/div[1]/div[2]/div/div/div/form/div/div[2]/div[2]/label</arg>
<doc>Waits until the element ``locator`` is visible.</doc>
<status status="PASS" starttime="20230621 16:54:27.611" endtime="20230621 16:54:27.628"/>
</kw>
<kw name="Page Should Contain" library="SeleniumLibrary">
<arg>Wrong password</arg>
<doc>Verifies that current page contains ``text``.</doc>
<msg timestamp="20230621 16:54:27.644" level="INFO">Current page contains text 'Wrong password'.</msg>
<status status="PASS" starttime="20230621 16:54:27.628" endtime="20230621 16:54:27.645"/>
</kw>
<status status="PASS" starttime="20230621 16:54:27.611" endtime="20230621 16:54:27.645"/>
</kw>
<status status="PASS" starttime="20230621 16:54:27.219" endtime="20230621 16:54:27.645"/>
</kw>
<status status="PASS" starttime="20230621 16:54:27.218" endtime="20230621 16:54:27.645"/>
</test>
<kw name="Close browsers" library="Main" type="TEARDOWN">
<kw name="Close All Browsers" library="SeleniumLibrary">
<doc>Closes all open browsers and resets the browser cache.</doc>
<status status="PASS" starttime="20230621 16:54:27.646" endtime="20230621 16:54:28.542"/>
</kw>
<status status="PASS" starttime="20230621 16:54:27.645" endtime="20230621 16:54:28.543"/>
</kw>
<status status="PASS" starttime="20230621 16:54:17.290" endtime="20230621 16:54:28.543"/>
</suite>
<suite id="s1-s3" name="tc Invalid mail" source="/home/runner/work/BlackShift-Termi/BlackShift-Termi/robot_automation/robot_basics/tc_Invalid_mail.robot">
<kw name="Open my Browser" library="Main" type="SETUP">
<kw name="Open Browser" library="SeleniumLibrary">
<arg>${LOGIN URL}</arg>
<arg>${BROWSER}</arg>
<doc>Opens a new browser instance to the optional ``url``.</doc>
<msg timestamp="20230621 16:54:28.549" level="INFO">Opening browser 'Firefox' to base url 'https://p7024.y2022.kinneret.cc/login'.</msg>
<status status="PASS" starttime="20230621 16:54:28.548" endtime="20230621 16:54:34.699"/>
</kw>
<kw name="Maximize Browser Window" library="SeleniumLibrary">
<doc>Maximizes current browser window.</doc>
<status status="PASS" starttime="20230621 16:54:34.699" endtime="20230621 16:54:34.713"/>
</kw>
<status status="PASS" starttime="20230621 16:54:28.548" endtime="20230621 16:54:34.713"/>
</kw>
<test id="s1-s3-t1" name="Empty mail and Empty password" line="9">
<kw name="Invalid mail">
<arg>${EMPTY}</arg>
<arg>${EMPTY}</arg>
<kw name="Input username" library="Main">
<arg>${username}</arg>
<kw name="Wait Until Element Is Visible" library="SeleniumLibrary">
<arg>xpath://input[@id="id_input_email_login"]</arg>
<doc>Waits until the element ``locator`` is visible.</doc>
<status status="PASS" starttime="20230621 16:54:34.715" endtime="20230621 16:54:36.402"/>
</kw>
<kw name="Input Text" library="SeleniumLibrary">
<arg>xpath://input[@id="id_input_email_login"]</arg>
<arg>${username}</arg>
<doc>Types the given ``text`` into the text field identified by ``locator``.</doc>
<msg timestamp="20230621 16:54:36.403" level="INFO">Typing text '' into text field 'xpath://input[@id="id_input_email_login"]'.</msg>
<status status="PASS" starttime="20230621 16:54:36.402" endtime="20230621 16:54:36.479"/>
</kw>
<status status="PASS" starttime="20230621 16:54:34.715" endtime="20230621 16:54:36.480"/>
</kw>
<kw name="Input pwd" library="Main">
<arg>${password}</arg>
<kw name="Wait Until Element Is Visible" library="SeleniumLibrary">
<arg>xpath://input[@id="id_input_password_login"]</arg>
<doc>Waits until the element ``locator`` is visible.</doc>
<status status="PASS" starttime="20230621 16:54:36.480" endtime="20230621 16:54:36.517"/>
</kw>
<kw name="Input Text" library="SeleniumLibrary">
<arg>xpath://input[@id="id_input_password_login"]</arg>
<arg>${password}</arg>
<doc>Types the given ``text`` into the text field identified by ``locator``.</doc>
<msg timestamp="20230621 16:54:36.518" level="INFO">Typing text '' into text field 'xpath://input[@id="id_input_password_login"]'.</msg>
<status status="PASS" starttime="20230621 16:54:36.518" endtime="20230621 16:54:36.600"/>
</kw>
<status status="PASS" starttime="20230621 16:54:36.480" endtime="20230621 16:54:36.600"/>
</kw>
<kw name="click login button" library="Main">
<kw name="Click Element" library="SeleniumLibrary">
<arg>id:id_button_login</arg>
<doc>Click the element identified by ``locator``.</doc>
<msg timestamp="20230621 16:54:36.601" level="INFO">Clicking element 'id:id_button_login'.</msg>
<status status="PASS" starttime="20230621 16:54:36.600" endtime="20230621 16:54:36.881"/>
</kw>
<status status="PASS" starttime="20230621 16:54:36.600" endtime="20230621 16:54:36.881"/>
</kw>
<kw name="Error message should be visible mail not valid" library="Main">
<kw name="Wait Until Element Is Visible" library="SeleniumLibrary">
<arg>xpath://*[@id="full_wrapper"]/div[1]/div[2]/div/div/div/form/div/div[2]/div[2]/label</arg>
<doc>Waits until the element ``locator`` is visible.</doc>
<status status="PASS" starttime="20230621 16:54:36.882" endtime="20230621 16:54:36.899"/>
</kw>
<kw name="Page Should Contain" library="SeleniumLibrary">
<arg>Not valid email</arg>
<doc>Verifies that current page contains ``text``.</doc>
<msg timestamp="20230621 16:54:36.916" level="INFO">Current page contains text 'Not valid email'.</msg>
<status status="PASS" starttime="20230621 16:54:36.899" endtime="20230621 16:54:36.916"/>
</kw>
<status status="PASS" starttime="20230621 16:54:36.881" endtime="20230621 16:54:36.916"/>
</kw>
<status status="PASS" starttime="20230621 16:54:34.713" endtime="20230621 16:54:36.916"/>
</kw>
<status status="PASS" starttime="20230621 16:54:34.713" endtime="20230621 16:54:36.917"/>
</test>
<test id="s1-s3-t2" name="wrong mail wrong password" line="10">
<kw name="Invalid mail">
<arg>admin@gmail.com\</arg>
<arg>xyz</arg>
<kw name="Input username" library="Main">
<arg>${username}</arg>
<kw name="Wait Until Element Is Visible" library="SeleniumLibrary">
<arg>xpath://input[@id="id_input_email_login"]</arg>
<doc>Waits until the element ``locator`` is visible.</doc>
<status status="PASS" starttime="20230621 16:54:36.918" endtime="20230621 16:54:36.937"/>
</kw>
<kw name="Input Text" library="SeleniumLibrary">
<arg>xpath://input[@id="id_input_email_login"]</arg>
<arg>${username}</arg>
<doc>Types the given ``text`` into the text field identified by ``locator``.</doc>
<msg timestamp="20230621 16:54:36.938" level="INFO">Typing text 'admin@gmail.com' into text field 'xpath://input[@id="id_input_email_login"]'.</msg>
<status status="PASS" starttime="20230621 16:54:36.937" endtime="20230621 16:54:37.023"/>
</kw>
<status status="PASS" starttime="20230621 16:54:36.918" endtime="20230621 16:54:37.023"/>
</kw>
<kw name="Input pwd" library="Main">
<arg>${password}</arg>
<kw name="Wait Until Element Is Visible" library="SeleniumLibrary">
<arg>xpath://input[@id="id_input_password_login"]</arg>
<doc>Waits until the element ``locator`` is visible.</doc>
<status status="PASS" starttime="20230621 16:54:37.023" endtime="20230621 16:54:37.047"/>
</kw>
<kw name="Input Text" library="SeleniumLibrary">
<arg>xpath://input[@id="id_input_password_login"]</arg>
<arg>${password}</arg>
<doc>Types the given ``text`` into the text field identified by ``locator``.</doc>
<msg timestamp="20230621 16:54:37.048" level="INFO">Typing text 'xyz' into text field 'xpath://input[@id="id_input_password_login"]'.</msg>
<status status="PASS" starttime="20230621 16:54:37.047" endtime="20230621 16:54:37.090"/>
</kw>
<status status="PASS" starttime="20230621 16:54:37.023" endtime="20230621 16:54:37.090"/>
</kw>
<kw name="click login button" library="Main">
<kw name="Click Element" library="SeleniumLibrary">
<arg>id:id_button_login</arg>
<doc>Click the element identified by ``locator``.</doc>
<msg timestamp="20230621 16:54:37.091" level="INFO">Clicking element 'id:id_button_login'.</msg>
<status status="PASS" starttime="20230621 16:54:37.091" endtime="20230621 16:54:37.328"/>
</kw>
<status status="PASS" starttime="20230621 16:54:37.090" endtime="20230621 16:54:37.328"/>
</kw>
<kw name="Error message should be visible mail not valid" library="Main">
<kw name="Wait Until Element Is Visible" library="SeleniumLibrary">
<arg>xpath://*[@id="full_wrapper"]/div[1]/div[2]/div/div/div/form/div/div[2]/div[2]/label</arg>
<doc>Waits until the element ``locator`` is visible.</doc>
<status status="PASS" starttime="20230621 16:54:37.328" endtime="20230621 16:54:37.345"/>
</kw>
<kw name="Page Should Contain" library="SeleniumLibrary">
<arg>Not valid email</arg>
<doc>Verifies that current page contains ``text``.</doc>
<msg timestamp="20230621 16:54:37.361" level="INFO">Current page contains text 'Not valid email'.</msg>
<status status="PASS" starttime="20230621 16:54:37.345" endtime="20230621 16:54:37.361"/>
</kw>
<status status="PASS" starttime="20230621 16:54:37.328" endtime="20230621 16:54:37.361"/>
</kw>
<status status="PASS" starttime="20230621 16:54:36.917" endtime="20230621 16:54:37.361"/>
</kw>
<status status="PASS" starttime="20230621 16:54:36.917" endtime="20230621 16:54:37.361"/>
</test>
<test id="s1-s3-t3" name="Wrong mail right password" line="11">
<kw name="Invalid mail">
<arg>adm@gmail.</arg>
<arg>adm123456</arg>
<kw name="Input username" library="Main">
<arg>${username}</arg>
<kw name="Wait Until Element Is Visible" library="SeleniumLibrary">
<arg>xpath://input[@id="id_input_email_login"]</arg>
<doc>Waits until the element ``locator`` is visible.</doc>
<status status="PASS" starttime="20230621 16:54:37.362" endtime="20230621 16:54:37.381"/>
</kw>
<kw name="Input Text" library="SeleniumLibrary">
<arg>xpath://input[@id="id_input_email_login"]</arg>
<arg>${username}</arg>
<doc>Types the given ``text`` into the text field identified by ``locator``.</doc>
<msg timestamp="20230621 16:54:37.382" level="INFO">Typing text 'adm@gmail.' into text field 'xpath://input[@id="id_input_email_login"]'.</msg>
<status status="PASS" starttime="20230621 16:54:37.381" endtime="20230621 16:54:37.457"/>
</kw>
<status status="PASS" starttime="20230621 16:54:37.362" endtime="20230621 16:54:37.457"/>
</kw>
<kw name="Input pwd" library="Main">
<arg>${password}</arg>
<kw name="Wait Until Element Is Visible" library="SeleniumLibrary">
<arg>xpath://input[@id="id_input_password_login"]</arg>
<doc>Waits until the element ``locator`` is visible.</doc>
<status status="PASS" starttime="20230621 16:54:37.457" endtime="20230621 16:54:37.475"/>
</kw>
<kw name="Input Text" library="SeleniumLibrary">
<arg>xpath://input[@id="id_input_password_login"]</arg>
<arg>${password}</arg>
<doc>Types the given ``text`` into the text field identified by ``locator``.</doc>
<msg timestamp="20230621 16:54:37.476" level="INFO">Typing text 'adm123456' into text field 'xpath://input[@id="id_input_password_login"]'.</msg>
<status status="PASS" starttime="20230621 16:54:37.475" endtime="20230621 16:54:37.534"/>
</kw>
<status status="PASS" starttime="20230621 16:54:37.457" endtime="20230621 16:54:37.534"/>
</kw>
<kw name="click login button" library="Main">
<kw name="Click Element" library="SeleniumLibrary">
<arg>id:id_button_login</arg>
<doc>Click the element identified by ``locator``.</doc>
<msg timestamp="20230621 16:54:37.536" level="INFO">Clicking element 'id:id_button_login'.</msg>
<status status="PASS" starttime="20230621 16:54:37.535" endtime="20230621 16:54:37.757"/>
</kw>
<status status="PASS" starttime="20230621 16:54:37.535" endtime="20230621 16:54:37.758"/>
</kw>
<kw name="Error message should be visible mail not valid" library="Main">
<kw name="Wait Until Element Is Visible" library="SeleniumLibrary">
<arg>xpath://*[@id="full_wrapper"]/div[1]/div[2]/div/div/div/form/div/div[2]/div[2]/label</arg>
<doc>Waits until the element ``locator`` is visible.</doc>
<status status="PASS" starttime="20230621 16:54:37.758" endtime="20230621 16:54:37.775"/>
</kw>
<kw name="Page Should Contain" library="SeleniumLibrary">
<arg>Not valid email</arg>
<doc>Verifies that current page contains ``text``.</doc>
<msg timestamp="20230621 16:54:37.790" level="INFO">Current page contains text 'Not valid email'.</msg>
<status status="PASS" starttime="20230621 16:54:37.775" endtime="20230621 16:54:37.790"/>
</kw>
<status status="PASS" starttime="20230621 16:54:37.758" endtime="20230621 16:54:37.791"/>
</kw>
<status status="PASS" starttime="20230621 16:54:37.362" endtime="20230621 16:54:37.791"/>
</kw>
<status status="PASS" starttime="20230621 16:54:37.361" endtime="20230621 16:54:37.791"/>
</test>
<test id="s1-s3-t4" name="Wrong mail and Empty password" line="12">
<kw name="Invalid mail">
<arg>adm@.</arg>
<arg>${EMPTY}</arg>
<kw name="Input username" library="Main">
<arg>${username}</arg>
<kw name="Wait Until Element Is Visible" library="SeleniumLibrary">
<arg>xpath://input[@id="id_input_email_login"]</arg>
<doc>Waits until the element ``locator`` is visible.</doc>
<status status="PASS" starttime="20230621 16:54:37.793" endtime="20230621 16:54:37.809"/>
</kw>
<kw name="Input Text" library="SeleniumLibrary">
<arg>xpath://input[@id="id_input_email_login"]</arg>
<arg>${username}</arg>
<doc>Types the given ``text`` into the text field identified by ``locator``.</doc>
<msg timestamp="20230621 16:54:37.810" level="INFO">Typing text 'adm@.' into text field 'xpath://input[@id="id_input_email_login"]'.</msg>
<status status="PASS" starttime="20230621 16:54:37.809" endtime="20230621 16:54:37.850"/>
</kw>
<status status="PASS" starttime="20230621 16:54:37.792" endtime="20230621 16:54:37.850"/>
</kw>
<kw name="Input pwd" library="Main">
<arg>${password}</arg>
<kw name="Wait Until Element Is Visible" library="SeleniumLibrary">
<arg>xpath://input[@id="id_input_password_login"]</arg>
<doc>Waits until the element ``locator`` is visible.</doc>
<status status="PASS" starttime="20230621 16:54:37.851" endtime="20230621 16:54:37.867"/>
</kw>
<kw name="Input Text" library="SeleniumLibrary">
<arg>xpath://input[@id="id_input_password_login"]</arg>
<arg>${password}</arg>
<doc>Types the given ``text`` into the text field identified by ``locator``.</doc>
<msg timestamp="20230621 16:54:37.868" level="INFO">Typing text '' into text field 'xpath://input[@id="id_input_password_login"]'.</msg>
<status status="PASS" starttime="20230621 16:54:37.867" endtime="20230621 16:54:37.888"/>
</kw>
<status status="PASS" starttime="20230621 16:54:37.850" endtime="20230621 16:54:37.889"/>
</kw>
<kw name="click login button" library="Main">
<kw name="Click Element" library="SeleniumLibrary">
<arg>id:id_button_login</arg>
<doc>Click the element identified by ``locator``.</doc>
<msg timestamp="20230621 16:54:37.890" level="INFO">Clicking element 'id:id_button_login'.</msg>
<status status="PASS" starttime="20230621 16:54:37.889" endtime="20230621 16:54:38.108"/>
</kw>
<status status="PASS" starttime="20230621 16:54:37.889" endtime="20230621 16:54:38.109"/>
</kw>
<kw name="Error message should be visible mail not valid" library="Main">
<kw name="Wait Until Element Is Visible" library="SeleniumLibrary">
<arg>xpath://*[@id="full_wrapper"]/div[1]/div[2]/div/div/div/form/div/div[2]/div[2]/label</arg>
<doc>Waits until the element ``locator`` is visible.</doc>
<status status="PASS" starttime="20230621 16:54:38.109" endtime="20230621 16:54:38.135"/>
</kw>
<kw name="Page Should Contain" library="SeleniumLibrary">
<arg>Not valid email</arg>
<doc>Verifies that current page contains ``text``.</doc>
<msg timestamp="20230621 16:54:38.152" level="INFO">Current page contains text 'Not valid email'.</msg>
<status status="PASS" starttime="20230621 16:54:38.136" endtime="20230621 16:54:38.152"/>
</kw>
<status status="PASS" starttime="20230621 16:54:38.109" endtime="20230621 16:54:38.152"/>
</kw>
<status status="PASS" starttime="20230621 16:54:37.792" endtime="20230621 16:54:38.152"/>
</kw>
<status status="PASS" starttime="20230621 16:54:37.791" endtime="20230621 16:54:38.152"/>
</test>
<kw name="Close browsers" library="Main" type="TEARDOWN">
<kw name="Close All Browsers" library="SeleniumLibrary">
<doc>Closes all open browsers and resets the browser cache.</doc>
<status status="PASS" starttime="20230621 16:54:38.153" endtime="20230621 16:54:39.003"/>
</kw>
<status status="PASS" starttime="20230621 16:54:38.153" endtime="20230621 16:54:39.003"/>
</kw>
<status status="PASS" starttime="20230621 16:54:28.545" endtime="20230621 16:54:39.003"/>
</suite>
<suite id="s1-s4" name="tc Login Logout" source="/home/runner/work/BlackShift-Termi/BlackShift-Termi/robot_automation/robot_basics/tc_Login_Logout.robot">
<kw name="Open my Browser" library="Main" type="SETUP">
<kw name="Open Browser" library="SeleniumLibrary">
<arg>${LOGIN URL}</arg>
<arg>${BROWSER}</arg>
<doc>Opens a new browser instance to the optional ``url``.</doc>
<msg timestamp="20230621 16:54:39.009" level="INFO">Opening browser 'Firefox' to base url 'https://p7024.y2022.kinneret.cc/login'.</msg>
<status status="PASS" starttime="20230621 16:54:39.008" endtime="20230621 16:54:45.172"/>
</kw>
<kw name="Maximize Browser Window" library="SeleniumLibrary">
<doc>Maximizes current browser window.</doc>
<status status="PASS" starttime="20230621 16:54:45.172" endtime="20230621 16:54:45.182"/>
</kw>
<status status="PASS" starttime="20230621 16:54:39.008" endtime="20230621 16:54:45.182"/>
</kw>
<test id="s1-s4-t1" name="Right mail and Right password" line="9">
<kw name="Login and Logout">
<arg>admin@gmail.com</arg>
<arg>admin12</arg>
<kw name="Input username" library="Main">
<arg>${username}</arg>
<kw name="Wait Until Element Is Visible" library="SeleniumLibrary">
<arg>xpath://input[@id="id_input_email_login"]</arg>
<doc>Waits until the element ``locator`` is visible.</doc>
<status status="PASS" starttime="20230621 16:54:45.183" endtime="20230621 16:54:46.869"/>
</kw>
<kw name="Input Text" library="SeleniumLibrary">
<arg>xpath://input[@id="id_input_email_login"]</arg>
<arg>${username}</arg>
<doc>Types the given ``text`` into the text field identified by ``locator``.</doc>
<msg timestamp="20230621 16:54:46.869" level="INFO">Typing text 'admin@gmail.com' into text field 'xpath://input[@id="id_input_email_login"]'.</msg>
<status status="PASS" starttime="20230621 16:54:46.869" endtime="20230621 16:54:47.045"/>
</kw>
<status status="PASS" starttime="20230621 16:54:45.183" endtime="20230621 16:54:47.045"/>
</kw>
<kw name="Input pwd" library="Main">
<arg>${password}</arg>
<kw name="Wait Until Element Is Visible" library="SeleniumLibrary">
<arg>xpath://input[@id="id_input_password_login"]</arg>
<doc>Waits until the element ``locator`` is visible.</doc>
<status status="PASS" starttime="20230621 16:54:47.046" endtime="20230621 16:54:47.121"/>
</kw>
<kw name="Input Text" library="SeleniumLibrary">
<arg>xpath://input[@id="id_input_password_login"]</arg>
<arg>${password}</arg>
<doc>Types the given ``text`` into the text field identified by ``locator``.</doc>
<msg timestamp="20230621 16:54:47.122" level="INFO">Typing text 'admin12' into text field 'xpath://input[@id="id_input_password_login"]'.</msg>
<status status="PASS" starttime="20230621 16:54:47.121" endtime="20230621 16:54:47.230"/>
</kw>
<status status="PASS" starttime="20230621 16:54:47.045" endtime="20230621 16:54:47.230"/>
</kw>
<kw name="click login button" library="Main">
<kw name="Click Element" library="SeleniumLibrary">
<arg>id:id_button_login</arg>
<doc>Click the element identified by ``locator``.</doc>
<msg timestamp="20230621 16:54:47.231" level="INFO">Clicking element 'id:id_button_login'.</msg>
<status status="PASS" starttime="20230621 16:54:47.230" endtime="20230621 16:54:47.527"/>
</kw>
<status status="PASS" starttime="20230621 16:54:47.230" endtime="20230621 16:54:47.527"/>
</kw>
<kw name="click logout link" library="Main">
<kw name="Wait Until Element Is Visible" library="SeleniumLibrary">
<arg>xpath://a[@id="id_logout_mainnabbar"]</arg>
<doc>Waits until the element ``locator`` is visible.</doc>
<status status="PASS" starttime="20230621 16:54:47.527" endtime="20230621 16:54:48.589"/>
</kw>
<kw name="Click Link" library="SeleniumLibrary">
<arg>xpath://a[@id="id_logout_mainnabbar"]</arg>
<doc>Clicks a link identified by ``locator``.</doc>
<msg timestamp="20230621 16:54:48.591" level="INFO">Clicking link 'xpath://a[@id="id_logout_mainnabbar"]'.</msg>
<status status="PASS" starttime="20230621 16:54:48.589" endtime="20230621 16:54:50.724"/>
</kw>
<status status="PASS" starttime="20230621 16:54:47.527" endtime="20230621 16:54:50.724"/>
</kw>
<status status="PASS" starttime="20230621 16:54:45.183" endtime="20230621 16:54:50.724"/>
</kw>
<status status="PASS" starttime="20230621 16:54:45.182" endtime="20230621 16:54:50.724"/>
</test>
<kw name="Close browsers" library="Main" type="TEARDOWN">
<kw name="Close All Browsers" library="SeleniumLibrary">
<doc>Closes all open browsers and resets the browser cache.</doc>
<status status="PASS" starttime="20230621 16:54:50.727" endtime="20230621 16:54:51.630"/>
</kw>
<status status="PASS" starttime="20230621 16:54:50.726" endtime="20230621 16:54:51.630"/>
</kw>
<status status="PASS" starttime="20230621 16:54:39.005" endtime="20230621 16:54:51.630"/>
</suite>
<status status="PASS" starttime="20230621 16:54:03.296" endtime="20230621 16:54:51.633"/>
</suite>
<statistics>
<total>
<stat pass="18" fail="0" skip="0">All Tests</stat>
</total>
<tag>
</tag>
<suite>
<stat pass="18" fail="0" skip="0" id="s1" name="Robot Basics">Robot Basics</stat>
<stat pass="8" fail="0" skip="0" id="s1-s1" name="Tc Forgot Password">Robot Basics.Tc Forgot Password</stat>
<stat pass="5" fail="0" skip="0" id="s1-s2" name="tc Invalid login">Robot Basics.tc Invalid login</stat>
<stat pass="4" fail="0" skip="0" id="s1-s3" name="tc Invalid mail">Robot Basics.tc Invalid mail</stat>
<stat pass="1" fail="0" skip="0" id="s1-s4" name="tc Login Logout">Robot Basics.tc Login Logout</stat>
</suite>
</statistics>
<errors>
</errors>
</robot>
